        -:    0:Source:unittest3.c
        -:    0:Graph:unittest3.gcno
        -:    0:Data:unittest3.gcda
        -:    0:Runs:1
        -:    0:Programs:1
        -:    1:#include "dominion.h"
        -:    2:#include "dominion_helpers.h"
        -:    3:#include "rngs.h"
        -:    4:#include <stdio.h>
        -:    5:#include <math.h>
        -:    6:#include <stdlib.h>
        -:    7:
        -:    8://Unit testing the compare function in dominion.c
function main called 1 returned 100% blocks executed 63%
        1:    9:int main()
        -:   10:{
        1:   11:	int x = 0;
        1:   12:	int y = 1;
        1:   13:	if(compare(&x, &y) != -1) // should output -1
call    0 returned 100%
branch  1 taken 0% (fallthrough)
branch  2 taken 100%
        -:   14:	{
    #####:   15:		printf("Less Than TEST FAILED\n");
call    0 never executed
    #####:   16:		return 0;
        -:   17:	}
        1:   18:	x = 1;
        1:   19:	y = 0;
        1:   20:	if(compare(&x, &y) != 1) //should output 1
call    0 returned 100%
branch  1 taken 0% (fallthrough)
branch  2 taken 100%
        -:   21:	{
    #####:   22:		printf("Greater Than TEST FAILED\n");
call    0 never executed
    #####:   23:		return 0;
        -:   24:	} 
        1:   25:	x = 1;
        1:   26:	y = 1;
        1:   27:	if(compare(&x, &y) != 0) // should return 0
call    0 returned 100%
branch  1 taken 0% (fallthrough)
branch  2 taken 100%
        -:   28:	{
    #####:   29:		printf("Equal to TEST FAILED\n");
call    0 never executed
    #####:   30:		return 0;
        -:   31:	}
        1:   32:	printf("compare TEST SUCCESSFULLY COMPLETED\n");
call    0 returned 100%
        1:   33:	return 0;
        -:   34:}
